<?xml version="1.0" encoding="UTF-8"?>
<!-- Generated by org.testng.reporters.JUnitXMLReporter -->
<testsuite ignored="0" hostname="LAPTOP-PT1LN2DK" failures="1" tests="1" name="Test" time="7.037" errors="0" timestamp="2023-12-12T15:37:12 IST">
  <testcase classname="qa.tests.HomeTest" name="tc01_VerifyAmazonLogo" time="0.025">
    <failure type="java.lang.NullPointerException" message="Cannot invoke &amp;quot;qa.utils.GenericMethods.getElement(org.openqa.selenium.By)&amp;quot; because &amp;quot;this.genMtd&amp;quot; is null">
      <![CDATA[java.lang.NullPointerException: Cannot invoke "qa.utils.GenericMethods.getElement(org.openqa.selenium.By)" because "this.genMtd" is null
at qa.pages.HomePage.getAmazonLogo(HomePage.java:16)
at qa.tests.HomeTest.tc01_VerifyAmazonLogo(HomeTest.java:16)
at java.base/java.util.ArrayList.forEach(ArrayList.java:1596)
... Removed 25 stack frames]]>
    </failure>
  </testcase> <!-- tc01_VerifyAmazonLogo -->
</testsuite> <!-- Test -->
