<?xml version="1.0" encoding="UTF-8"?>
<testng-results ignored="0" total="1" passed="0" failed="1" skipped="0">
  <reporter-output>
  </reporter-output>
  <suite started-at="2023-12-12T15:37:05 IST" name="Suite" finished-at="2023-12-12T15:37:12 IST" duration-ms="7037">
    <groups>
    </groups>
    <test started-at="2023-12-12T15:37:05 IST" name="Test" finished-at="2023-12-12T15:37:12 IST" duration-ms="7037">
      <class name="qa.tests.HomeTest">
        <test-method is-config="true" signature="launchApp(java.lang.String)[pri:0, instance:qa.tests.HomeTest@661972b0]" started-at="2023-12-12T15:37:05 IST" name="launchApp" finished-at="2023-12-12T15:37:11 IST" duration-ms="6583" status="PASS">
          <params>
            <param index="0">
              <value>
                <![CDATA[edge]]>
              </value>
            </param>
          </params>
          <reporter-output>
          </reporter-output>
        </test-method> <!-- launchApp -->
        <test-method signature="tc01_VerifyAmazonLogo()[pri:0, instance:qa.tests.HomeTest@661972b0]" started-at="2023-12-12T15:37:11 IST" name="tc01_VerifyAmazonLogo" finished-at="2023-12-12T15:37:11 IST" duration-ms="25" status="FAIL">
          <exception class="java.lang.NullPointerException">
            <message>
              <![CDATA[Cannot invoke "qa.utils.GenericMethods.getElement(org.openqa.selenium.By)" because "this.genMtd" is null]]>
            </message>
            <full-stacktrace>
              <![CDATA[java.lang.NullPointerException: Cannot invoke "qa.utils.GenericMethods.getElement(org.openqa.selenium.By)" because "this.genMtd" is null
at qa.pages.HomePage.getAmazonLogo(HomePage.java:16)
at qa.tests.HomeTest.tc01_VerifyAmazonLogo(HomeTest.java:16)
at java.base/jdk.internal.reflect.DirectMethodHandleAccessor.invoke(DirectMethodHandleAccessor.java:103)
at java.base/java.lang.reflect.Method.invoke(Method.java:580)
at org.testng.internal.MethodInvocationHelper.invokeMethod(MethodInvocationHelper.java:133)
at org.testng.internal.TestInvoker.invokeMethod(TestInvoker.java:598)
at org.testng.internal.TestInvoker.invokeTestMethod(TestInvoker.java:173)
at org.testng.internal.MethodRunner.runInSequence(MethodRunner.java:46)
at org.testng.internal.TestInvoker$MethodInvocationAgent.invoke(TestInvoker.java:824)
at org.testng.internal.TestInvoker.invokeTestMethods(TestInvoker.java:146)
at org.testng.internal.TestMethodWorker.invokeTestMethods(TestMethodWorker.java:146)
at org.testng.internal.TestMethodWorker.run(TestMethodWorker.java:128)
at java.base/java.util.ArrayList.forEach(ArrayList.java:1596)
at org.testng.TestRunner.privateRun(TestRunner.java:794)
at org.testng.TestRunner.run(TestRunner.java:596)
at org.testng.SuiteRunner.runTest(SuiteRunner.java:377)
at org.testng.SuiteRunner.runSequentially(SuiteRunner.java:371)
at org.testng.SuiteRunner.privateRun(SuiteRunner.java:332)
at org.testng.SuiteRunner.run(SuiteRunner.java:276)
at org.testng.SuiteRunnerWorker.runSuite(SuiteRunnerWorker.java:53)
at org.testng.SuiteRunnerWorker.run(SuiteRunnerWorker.java:96)
at org.testng.TestNG.runSuitesSequentially(TestNG.java:1212)
at org.testng.TestNG.runSuitesLocally(TestNG.java:1134)
at org.testng.TestNG.runSuites(TestNG.java:1063)
at org.testng.TestNG.run(TestNG.java:1031)
at org.testng.remote.AbstractRemoteTestNG.run(AbstractRemoteTestNG.java:115)
at org.testng.remote.RemoteTestNG.initAndRun(RemoteTestNG.java:251)
at org.testng.remote.RemoteTestNG.main(RemoteTestNG.java:77)
]]>
            </full-stacktrace>
          </exception> <!-- java.lang.NullPointerException -->
          <reporter-output>
          </reporter-output>
        </test-method> <!-- tc01_VerifyAmazonLogo -->
        <test-method is-config="true" signature="tearDown()[pri:0, instance:qa.tests.HomeTest@661972b0]" started-at="2023-12-12T15:37:11 IST" name="tearDown" finished-at="2023-12-12T15:37:12 IST" duration-ms="372" status="PASS">
          <reporter-output>
          </reporter-output>
        </test-method> <!-- tearDown -->
      </class> <!-- qa.tests.HomeTest -->
    </test> <!-- Test -->
  </suite> <!-- Suite -->
</testng-results>
